{
  "stats": {
    "suites": 4,
    "tests": 1,
    "passes": 0,
    "pending": 0,
    "failures": 2,
    "start": "2024-03-23T19:29:41.801Z",
    "end": "2024-03-23T19:29:44.041Z",
    "duration": 2240
  },
  "tests": [
    {
      "title": "is assigned an initial value of [\"Milo\", \"Otis\", \"Garfield\"]",
      "fullTitle": "index.js cats is assigned an initial value of [\"Milo\", \"Otis\", \"Garfield\"]",
      "duration": 13,
      "currentRetry": 0,
      "err": {
        "message": "expected [ push: 'Ralph' ] to have the same ordered members as [ 'Milo', 'Otis', 'Garfield' ]",
        "showDiff": true,
        "actual": "[]",
        "expected": "[\n  \"Milo\"\n  \"Otis\"\n  \"Garfield\"\n]",
        "stack": "AssertionError: expected [ push: 'Ralph' ] to have the same ordered members as [ 'Milo', 'Otis', 'Garfield' ]\n    at Context.<anonymous> (test/indexTest.js:6:36)\n    at processImmediate (internal/timers.js:461:21)"
      }
    }
  ],
  "pending": [],
  "failures": [
    {
      "title": "is assigned an initial value of [\"Milo\", \"Otis\", \"Garfield\"]",
      "fullTitle": "index.js cats is assigned an initial value of [\"Milo\", \"Otis\", \"Garfield\"]",
      "duration": 13,
      "currentRetry": 0,
      "err": {
        "message": "expected [ push: 'Ralph' ] to have the same ordered members as [ 'Milo', 'Otis', 'Garfield' ]",
        "showDiff": true,
        "actual": "[]",
        "expected": "[\n  \"Milo\"\n  \"Otis\"\n  \"Garfield\"\n]",
        "stack": "AssertionError: expected [ push: 'Ralph' ] to have the same ordered members as [ 'Milo', 'Otis', 'Garfield' ]\n    at Context.<anonymous> (test/indexTest.js:6:36)\n    at processImmediate (internal/timers.js:461:21)"
      }
    },
    {
      "title": "\"before each\" hook for \"appends a cat to the end of the cats array\"",
      "fullTitle": "index.js Array functions \"before each\" hook for \"appends a cat to the end of the cats array\"",
      "duration": 0,
      "currentRetry": 0,
      "err": {
        "stack": "TypeError: cats.push is not a function\n    at Context.<anonymous> (test/indexTest.js:14:12)\n    at processImmediate (internal/timers.js:461:21)",
        "message": "cats.push is not a function"
      }
    }
  ],
  "passes": []
}